<?xml version="1.0" encoding="UTF-8"?>
<!-- Generated by org.testng.reporters.JUnitXMLReporter -->
<testsuite hostname="akshay" ignored="0" name="free crm test" tests="4" failures="0" timestamp="22 Dec 2018 01:50:50 GMT" time="160.334" errors="0">
  <testcase name="checkingContactLabelTest" time="2.255" classname="com.crm.qa.testCases.ContactPageTest"/>
  <testcase name="vrifyHomePageTitlePageTest" time="0.016" classname="com.crm.qa.testCases.HomePageTest"/>
  <testcase name="loginPageTitleTest" time="0.017" classname="com.crm.qa.testCases.LoginPageTest"/>
  <testcase name="contactCheckingTest" time="2.004" classname="com.crm.qa.testCases.ContactPageTest"/>
</testsuite> <!-- free crm test -->
